

--- SERVER START ATTEMPT AT 2025-04-21 10:17:09 ---



--- SERVER START ATTEMPT AT 2025-04-25 08:50:39 ---



--- SERVER START ATTEMPT AT 2025-04-25 08:52:04 ---



--- SERVER START ATTEMPT AT 2025-04-25 09:02:01 ---



--- SERVER START ATTEMPT AT 2025-04-25 09:03:09 ---



--- SERVER START ATTEMPT AT 2025-04-25 09:31:02 ---



--- SERVER START ATTEMPT AT 2025-04-25 09:50:23 ---



--- SERVER START ATTEMPT AT 2025-04-25 09:51:17 ---



--- SERVER START ATTEMPT AT 2025-04-25 10:53:35 ---



--- SERVER START ATTEMPT AT 2025-04-25 11:04:10 ---



--- SERVER START ATTEMPT AT 2025-04-25 12:12:06 ---



--- SERVER START ATTEMPT AT 2025-04-25 12:14:30 ---



--- SERVER START ATTEMPT AT 2025-04-25 12:18:44 ---

Using database URL from alembic.ini: sqlite:///.dbp/database.sqlite
Running migrations on database URL: sqlite:///.dbp/database.sqlite
No alembic_version table found or other error: Not an executable object: 'SELECT version_num FROM alembic_version'
This is expected for a fresh database.
Starting migrations transaction...
Migrations completed successfully.


--- SERVER START ATTEMPT AT 2025-04-25 12:24:00 ---



--- SERVER START ATTEMPT AT 2025-04-25 12:30:16 ---



--- SERVER START ATTEMPT AT 2025-04-25 12:33:37 ---



--- SERVER START ATTEMPT AT 2025-04-25 12:34:01 ---



--- SERVER START ATTEMPT AT 2025-04-25 12:36:45 ---



--- SERVER START ATTEMPT AT 2025-04-25 12:46:57 ---



--- SERVER START ATTEMPT AT 2025-04-25 12:48:19 ---



--- SERVER START ATTEMPT AT 2025-04-25 13:05:17 ---



--- SERVER START ATTEMPT AT 2025-04-25 13:08:07 ---



--- SERVER START ATTEMPT AT 2025-04-25 13:15:03 ---



--- SERVER START ATTEMPT AT 2025-04-25 13:22:01 ---



--- SERVER START ATTEMPT AT 2025-04-25 14:38:09 ---



--- SERVER START ATTEMPT AT 2025-04-25 14:40:49 ---



--- SERVER START ATTEMPT AT 2025-04-25 15:14:03 ---



--- SERVER START ATTEMPT AT 2025-04-25 15:17:30 ---



--- SERVER START ATTEMPT AT 2025-04-25 15:22:45 ---



--- SERVER START ATTEMPT AT 2025-04-25 15:25:44 ---



--- SERVER START ATTEMPT AT 2025-04-25 15:38:54 ---



--- SERVER START ATTEMPT AT 2025-04-25 15:53:47 ---



--- SERVER START ATTEMPT AT 2025-04-25 16:26:57 ---



--- SERVER START ATTEMPT AT 2025-04-25 16:46:44 ---



--- SERVER START ATTEMPT AT 2025-04-25 16:47:18 ---



--- SERVER START ATTEMPT AT 2025-04-25 16:50:44 ---



--- SERVER START ATTEMPT AT 2025-04-25 17:06:49 ---



--- SERVER START ATTEMPT AT 2025-04-25 17:26:43 ---



--- SERVER START ATTEMPT AT 2025-04-25 17:28:34 ---



--- SERVER START ATTEMPT AT 2025-04-25 17:40:05 ---



--- SERVER START ATTEMPT AT 2025-04-25 22:29:57 ---

